#
# There is insufficient memory for the Java Runtime Environment to continue.
# Native memory allocation (mmap) failed to map 132120576 bytes for G1 virtual space
# Possible reasons:
#   The system is out of physical RAM or swap space
#   The process is running with CompressedOops enabled, and the Java Heap may be blocking the growth of the native heap
# Possible solutions:
#   Reduce memory load on the system
#   Increase physical memory or swap space
#   Check if swap backing store is full
#   Decrease Java heap size (-Xmx/-Xms)
#   Decrease number of Java threads
#   Decrease Java thread stack sizes (-Xss)
#   Set larger code cache with -XX:ReservedCodeCacheSize=
#   JVM is running with Unscaled Compressed Oops mode in which the Java heap is
#     placed in the first 4GB address space. The Java Heap base address is the
#     maximum limit for the native heap growth. Please use -XX:HeapBaseMinAddress
#     to set the Java Heap base and to place the Java Heap above 4GB virtual address.
# This output file may be truncated or incomplete.
#
#  Out of Memory Error (os_windows.cpp:3466), pid=19884, tid=16596
#
# JRE version:  (16.0.1+9) (build )
# Java VM: OpenJDK 64-Bit Server VM (16.0.1+9-24, mixed mode, sharing, tiered, compressed oops, compressed class ptrs, g1 gc, windows-amd64)
# No core dump will be written. Minidumps are not enabled by default on client versions of Windows
#

---------------  S U M M A R Y ------------

Command Line: -ea -Dfile.encoding=Cp1252 -XX:+ShowCodeDetailsInExceptionMessages org.testng.remote.RemoteTestNG -serport 61843 -protocol json -d D:\GitHub Projects\MyThrive\mythrive-automation\thrive-test-automation\test-output C:\Users\Admin\AppData\Local\Temp\testng-eclipse-209235572\testng-customsuite.xml

Host: Intel(R) Core(TM) i3-10110U CPU @ 2.10GHz, 4 cores, 7G,  Windows 10 , 64 bit Build 22000 (10.0.22000.708)
Time: Fri Aug 12 12:06:41 2022 India Standard Time elapsed time: 0.042376 seconds (0d 0h 0m 0s)

---------------  T H R E A D  ---------------

Current thread (0x000001516ab2b620):  JavaThread "Unknown thread" [_thread_in_vm, id=16596, stack(0x00000020edb00000,0x00000020edc00000)]

Stack: [0x00000020edb00000,0x00000020edc00000]
Native frames: (J=compiled Java code, j=interpreted, Vv=VM code, C=native code)
V  [jvm.dll+0x6687ca]
V  [jvm.dll+0x7ca3c9]
V  [jvm.dll+0x7cbb53]
V  [jvm.dll+0x7cc1b3]
V  [jvm.dll+0x242ea5]
V  [jvm.dll+0x665589]
V  [jvm.dll+0x65a175]
V  [jvm.dll+0x2fc5ab]
V  [jvm.dll+0x3037a6]
V  [jvm.dll+0x352fee]
V  [jvm.dll+0x35321f]
V  [jvm.dll+0x2d3618]
V  [jvm.dll+0x2d4854]
V  [jvm.dll+0x79ccb1]
V  [jvm.dll+0x360de1]
V  [jvm.dll+0x77a990]
V  [jvm.dll+0x3e55af]
V  [jvm.dll+0x3e7081]
C  [jli.dll+0x52fb]
C  [ucrtbase.dll+0x26c0c]
C  [KERNEL32.DLL+0x154e0]
C  [ntdll.dll+0x485b]


---------------  P R O C E S S  ---------------

Threads class SMR info:
_java_thread_list=0x00007ff8a57acbb8, length=0, elements={
}

Java Threads: ( => current thread )

Other Threads:
  0x000001516ab68370 GCTaskThread "GC Thread#0" [stack: 0x00000020edd00000,0x00000020ede00000] [id=13348]
  0x000001516ab78d70 ConcurrentGCThread "G1 Main Marker" [stack: 0x00000020ede00000,0x00000020edf00000] [id=4268]
  0x000001516ab7a000 ConcurrentGCThread "G1 Conc#0" [stack: 0x00000020edf00000,0x00000020ee000000] [id=11248]

[error occurred during error reporting (printing all threads), id 0xc0000005, EXCEPTION_ACCESS_VIOLATION (0xc0000005) at pc=0x00007ff8a4f844d7]

VM state: not at safepoint (not fully initialized)

VM Mutex/Monitor currently owned by a thread:  ([mutex/lock_event])
[0x000001516ab27d60] Heap_lock - owner thread: 0x000001516ab2b620

Heap address: 0x0000000083a00000, size: 1990 MB, Compressed Oops mode: 32-bit

CDS archive(s) mapped at: [0x0000000000000000-0x0000000000000000-0x0000000000000000), size 0, SharedBaseAddress: 0x0000000800000000, ArchiveRelocationMode: 0.
Narrow klass base: 0x0000000000000000, Narrow klass shift: 0, Narrow klass range: 0x0

GC Precious Log:
<Empty>

Heap:
 garbage-first heap   total 0K, used 0K [0x0000000083a00000, 0x0000000100000000)
  region size 1024K, 0 young (0K), 0 survivors (0K)

[error occurred during error reporting (printing heap information), id 0xc0000005, EXCEPTION_ACCESS_VIOLATION (0xc0000005) at pc=0x00007ff8a53624ed]

GC Heap History (0 events):
No events

Deoptimization events (0 events):
No events

Classes unloaded (0 events):
No events

Classes redefined (0 events):
No events

Internal exceptions (0 events):
No events

Events (1 events):
Event: 0.036 Loaded shared library C:\Users\Admin\.p2\pool\plugins\org.eclipse.justj.openjdk.hotspot.jre.full.win32.x86_64_16.0.1.v20210528-1205\jre\bin\java.dll


Dynamic libraries:
0x00007ff65ef40000 - 0x00007ff65ef4e000 	C:\Users\Admin\.p2\pool\plugins\org.eclipse.justj.openjdk.hotspot.jre.full.win32.x86_64_16.0.1.v20210528-1205\jre\bin\javaw.exe
0x00007ff938fa0000 - 0x00007ff9391a9000 	C:\WINDOWS\SYSTEM32\ntdll.dll
0x00007ff938d70000 - 0x00007ff938e2d000 	C:\WINDOWS\System32\KERNEL32.DLL
0x00007ff936480000 - 0x00007ff9367f9000 	C:\WINDOWS\System32\KERNELBASE.dll
0x00007ff936b30000 - 0x00007ff936c41000 	C:\WINDOWS\System32\ucrtbase.dll
0x00007ff922700000 - 0x00007ff922718000 	C:\Users\Admin\.p2\pool\plugins\org.eclipse.justj.openjdk.hotspot.jre.full.win32.x86_64_16.0.1.v20210528-1205\jre\bin\jli.dll
0x00007ff937260000 - 0x00007ff93740c000 	C:\WINDOWS\System32\USER32.dll
0x00007ff936d80000 - 0x00007ff936da6000 	C:\WINDOWS\System32\win32u.dll
0x00007ff938e80000 - 0x00007ff938ea9000 	C:\WINDOWS\System32\GDI32.dll
0x00007ff936800000 - 0x00007ff936912000 	C:\WINDOWS\System32\gdi32full.dll
0x00007ff936920000 - 0x00007ff9369bd000 	C:\WINDOWS\System32\msvcp_win.dll
0x00007ff9213c0000 - 0x00007ff9213d9000 	C:\Users\Admin\.p2\pool\plugins\org.eclipse.justj.openjdk.hotspot.jre.full.win32.x86_64_16.0.1.v20210528-1205\jre\bin\VCRUNTIME140.dll
0x00007ff90e3f0000 - 0x00007ff90e695000 	C:\WINDOWS\WinSxS\amd64_microsoft.windows.common-controls_6595b64144ccf1df_6.0.22000.120_none_9d947278b86cc467\COMCTL32.dll
0x00007ff936f10000 - 0x00007ff936fb3000 	C:\WINDOWS\System32\msvcrt.dll
0x00007ff938e30000 - 0x00007ff938e61000 	C:\WINDOWS\System32\IMM32.DLL
0x00007ff9213b0000 - 0x00007ff9213bc000 	C:\Users\Admin\.p2\pool\plugins\org.eclipse.justj.openjdk.hotspot.jre.full.win32.x86_64_16.0.1.v20210528-1205\jre\bin\vcruntime140_1.dll
0x00007ff921310000 - 0x00007ff9213a1000 	C:\Users\Admin\.p2\pool\plugins\org.eclipse.justj.openjdk.hotspot.jre.full.win32.x86_64_16.0.1.v20210528-1205\jre\bin\msvcp140.dll
0x00007ff8a4ca0000 - 0x00007ff8a584b000 	C:\Users\Admin\.p2\pool\plugins\org.eclipse.justj.openjdk.hotspot.jre.full.win32.x86_64_16.0.1.v20210528-1205\jre\bin\server\jvm.dll
0x00007ff938eb0000 - 0x00007ff938f5e000 	C:\WINDOWS\System32\ADVAPI32.dll
0x00007ff937f00000 - 0x00007ff937f9e000 	C:\WINDOWS\System32\sechost.dll
0x00007ff938850000 - 0x00007ff938970000 	C:\WINDOWS\System32\RPCRT4.dll
0x00007ff938e70000 - 0x00007ff938e78000 	C:\WINDOWS\System32\PSAPI.DLL
0x00007ff918780000 - 0x00007ff918789000 	C:\WINDOWS\SYSTEM32\WSOCK32.dll
0x00007ff9371e0000 - 0x00007ff93724f000 	C:\WINDOWS\System32\WS2_32.dll
0x00007ff92cee0000 - 0x00007ff92cf13000 	C:\WINDOWS\SYSTEM32\WINMM.dll
0x00007ff92b3b0000 - 0x00007ff92b3ba000 	C:\WINDOWS\SYSTEM32\VERSION.dll
0x00007ff935630000 - 0x00007ff935648000 	C:\WINDOWS\SYSTEM32\kernel.appcore.dll
0x00007ff922730000 - 0x00007ff92273a000 	C:\Users\Admin\.p2\pool\plugins\org.eclipse.justj.openjdk.hotspot.jre.full.win32.x86_64_16.0.1.v20210528-1205\jre\bin\jimage.dll
0x00007ff933ee0000 - 0x00007ff934101000 	C:\WINDOWS\SYSTEM32\DBGHELP.DLL
0x00007ff916cc0000 - 0x00007ff916cf1000 	C:\WINDOWS\SYSTEM32\dbgcore.DLL
0x00007ff936db0000 - 0x00007ff936e2f000 	C:\WINDOWS\System32\bcryptPrimitives.dll
0x00007ff9217c0000 - 0x00007ff9217e5000 	C:\Users\Admin\.p2\pool\plugins\org.eclipse.justj.openjdk.hotspot.jre.full.win32.x86_64_16.0.1.v20210528-1205\jre\bin\java.dll

dbghelp: loaded successfully - version: 4.0.5 - missing functions: none
symbol engine: initialized successfully - sym options: 0x614 - pdb path: .;C:\Users\Admin\.p2\pool\plugins\org.eclipse.justj.openjdk.hotspot.jre.full.win32.x86_64_16.0.1.v20210528-1205\jre\bin;C:\WINDOWS\SYSTEM32;C:\WINDOWS\WinSxS\amd64_microsoft.windows.common-controls_6595b64144ccf1df_6.0.22000.120_none_9d947278b86cc467;C:\Users\Admin\.p2\pool\plugins\org.eclipse.justj.openjdk.hotspot.jre.full.win32.x86_64_16.0.1.v20210528-1205\jre\bin\server

VM Arguments:
jvm_args: -ea -Dfile.encoding=Cp1252 -XX:+ShowCodeDetailsInExceptionMessages 
java_command: org.testng.remote.RemoteTestNG -serport 61843 -protocol json -d D:\GitHub Projects\MyThrive\mythrive-automation\thrive-test-automation\test-output C:\Users\Admin\AppData\Local\Temp\testng-eclipse-209235572\testng-customsuite.xml
java_class_path (initial): C:\Users\Admin\eclipse\java-2021-062\eclipse\configuration\org.eclipse.osgi\442\0\.cp\lib\testng-remote.jar;D:\GitHub Projects\MyThrive\mythrive-automation\thrive-test-automation\target\test-classes;D:\GitHub Projects\MyThrive\mythrive-automation\thrive-test-automation\target\classes;C:\Users\Admin\.m2\repository\com\amazonaws\aws-java-sdk-s3\1.12.227\aws-java-sdk-s3-1.12.227.jar;C:\Users\Admin\.m2\repository\com\amazonaws\aws-java-sdk-kms\1.12.227\aws-java-sdk-kms-1.12.227.jar;C:\Users\Admin\.m2\repository\com\amazonaws\aws-java-sdk-core\1.12.227\aws-java-sdk-core-1.12.227.jar;C:\Users\Admin\.m2\repository\software\amazon\ion\ion-java\1.0.2\ion-java-1.0.2.jar;C:\Users\Admin\.m2\repository\com\fasterxml\jackson\core\jackson-databind\2.12.6.1\jackson-databind-2.12.6.1.jar;C:\Users\Admin\.m2\repository\com\fasterxml\jackson\core\jackson-annotations\2.12.6\jackson-annotations-2.12.6.jar;C:\Users\Admin\.m2\repository\com\fasterxml\jackson\core\jackson-core\2.12.6\jackson-core-2.12.6.jar;C:\Users\Admin\.m2\repository\com\fasterxml\jackson\dataformat\jackson-dataformat-cbor\2.12.6\jackson-dataformat-cbor-2.12.6.jar;C:\Users\Admin\.m2\repository\joda-time\joda-time\2.8.1\joda-time-2.8.1.jar;C:\Users\Admin\.m2\repository\com\amazonaws\jmespath-java\1.12.227\jmespath-java-1.12.227.jar;C:\Users\Admin\.m2\repository\com\amazonaws\aws-java-sdk-ses\1.12.231\aws-java-sdk-ses-1.12.231.jar;C:\Users\Admin\.m2\repository\org\seleniumhq\selenium\selenium-java\3.141.59\selenium-java-3.141.59.jar;C:\Users\Admin\.m2\repository\org\seleniumhq\selenium\selenium-api\3.141.59\selenium-api-3.141.59.jar;C:\Users\Admin\.m2\repository\org\seleniumhq\selenium\selenium-chrome-driver\3.141.59\selenium-chrome-driver-3.141.59.jar;C:\Users\Admin\.m2\repository\org\seleniumhq\selenium\selenium-edge-driver\3.141.59\selenium-edge-driver-3.141.59.jar;C:\Users\Admin\.m2\repository\org\seleniumhq\selenium\selenium-firefox-driver\3.141.59\selenium-firefox-driver-3.141.59.jar;C:\U
Launcher Type: SUN_STANDARD

[Global flags]
     intx CICompilerCount                          = 3                                         {product} {ergonomic}
     uint ConcGCThreads                            = 1                                         {product} {ergonomic}
     uint G1ConcRefinementThreads                  = 4                                         {product} {ergonomic}
   size_t G1HeapRegionSize                         = 1048576                                   {product} {ergonomic}
    uintx GCDrainStackTargetSize                   = 64                                        {product} {ergonomic}
   size_t InitialHeapSize                          = 132120576                                 {product} {ergonomic}
   size_t MarkStackSize                            = 4194304                                   {product} {ergonomic}
   size_t MaxHeapSize                              = 2086666240                                {product} {ergonomic}
   size_t MinHeapDeltaBytes                        = 1048576                                   {product} {ergonomic}
   size_t MinHeapSize                              = 8388608                                   {product} {ergonomic}
    uintx NonNMethodCodeHeapSize                   = 5832780                                {pd product} {ergonomic}
    uintx NonProfiledCodeHeapSize                  = 122912730                              {pd product} {ergonomic}
    uintx ProfiledCodeHeapSize                     = 122912730                              {pd product} {ergonomic}
    uintx ReservedCodeCacheSize                    = 251658240                              {pd product} {ergonomic}
     bool SegmentedCodeCache                       = true                                      {product} {ergonomic}
     bool ShowCodeDetailsInExceptionMessages       = true                                   {manageable} {command line}
   size_t SoftMaxHeapSize                          = 2086666240                             {manageable} {ergonomic}
     bool UseCompressedClassPointers               = true                           {product lp64_product} {ergonomic}
     bool UseCompressedOops                        = true                           {product lp64_product} {ergonomic}
     bool UseG1GC                                  = true                                      {product} {ergonomic}
     bool UseLargePagesIndividualAllocation        = false                                  {pd product} {ergonomic}

Logging:
Log output configuration:
 #0: stdout all=warning uptime,level,tags
 #1: stderr all=off uptime,level,tags

Environment Variables:
JAVA_HOME=C:\Program Files\Java\jdk1.8.0_291
PATH=C:/Users/Admin/.p2/pool/plugins/org.eclipse.justj.openjdk.hotspot.jre.full.win32.x86_64_16.0.1.v20210528-1205/jre/bin/server;C:/Users/Admin/.p2/pool/plugins/org.eclipse.justj.openjdk.hotspot.jre.full.win32.x86_64_16.0.1.v20210528-1205/jre/bin;C:\Program Files (x86)\Common Files\Oracle\Java\javapath;C:\WINDOWS\system32;C:\WINDOWS;C:\WINDOWS\System32\Wbem;C:\WINDOWS\System32\WindowsPowerShell\v1.0\;C:\WINDOWS\System32\OpenSSH\;C:\Program Files\Java\jdk1.8.0_291\bin;C:\Program Files\nodejs\;C:\apache-maven-3.8.2\bin;C:\Android\platform-tools;C:\Program Files\Git\cmd;D:\GitHub Projects\MyThrive\mythrive-automation\thrive-test-automation\src\test\resources\bin\chromedriver.exe;C:\Users\Admin\AppData\Local\Microsoft\WindowsApps;C:\Users\Admin\AppData\Roaming\npm;D:\GitHub Projects\MyThrive\mythrive-automation\thrive-test-automation\src\test\resources\bin\chromedriver.exe;C:\Users\Admin\AppData\Local\GitHubDesktop\bin;C:\Program Files\JetBrains\PyCharm Community Edition 2022.1.4\bin;;C:\Users\Admin\AppData\Local\Programs\Microsoft VS Code\bin;C:\Users\Admin\Desktop;
USERNAME=Admin
OS=Windows_NT
PROCESSOR_IDENTIFIER=Intel64 Family 6 Model 142 Stepping 12, GenuineIntel



---------------  S Y S T E M  ---------------

OS:
 Windows 10 , 64 bit Build 22000 (10.0.22000.708)
OS uptime: 1 days 19:35 hours
Hyper-V role detected

CPU: total 4 (initial active 4) (2 cores per cpu, 2 threads per core) family 6 model 142 stepping 12 microcode 0xde, cx8, cmov, fxsr, ht, mmx, 3dnowpref, sse, sse2, sse3, ssse3, sse4.1, sse4.2, popcnt, lzcnt, tsc, tscinvbit, avx, avx2, aes, erms, clmul, bmi1, bmi2, adx, fma, vzeroupper, clflush, clflushopt, hv

Memory: 4k page, system-wide physical 7953M (345M free)
TotalPageFile size 19102M (AvailPageFile size 105M)
current process WorkingSet (physical memory assigned to process): 10M, peak: 10M
current process commit charge ("private bytes"): 51M, peak: 177M

vm_info: OpenJDK 64-Bit Server VM (16.0.1+9-24) for windows-amd64 JRE (16.0.1+9-24), built on Mar 26 2021 19:30:07 by "mach5one" with MS VC++ 16.7 (VS2019)

END.
